<?xml version="1.0" encoding="UTF-8"?>
<coverage generated="1702320600445" clover="3.2.0">
  <project timestamp="1702320600445" name="All files">
    <metrics statements="3" coveredstatements="1" conditionals="4" coveredconditionals="0" methods="2" coveredmethods="1" elements="9" coveredelements="2" complexity="0" loc="3" ncloc="3" packages="1" files="2" classes="2"/>
    <file name="add.js" path="C:\Users\Dell\Desktop\myrepo\SATH\src\add.js">
      <metrics statements="1" coveredstatements="1" conditionals="0" coveredconditionals="0" methods="1" coveredmethods="1"/>
      <line num="16" count="12" type="stmt"/>
    </file>
    <file name="isSymbol.js" path="C:\Users\Dell\Desktop\myrepo\SATH\src\isSymbol.js">
      <metrics statements="2" coveredstatements="0" conditionals="4" coveredconditionals="0" methods="1" coveredmethods="0"/>
      <line num="19" count="0" type="stmt"/>
      <line num="20" count="0" type="cond" truecount="0" falsecount="4"/>
    </file>
  </project>
</coverage>
